<?xml version="1.0" encoding="UTF-8"?>
<!-- Generated by org.testng.reporters.JUnitReportReporter -->
<testsuite skipped="0" hostname="CLIENT1" name="scripts.Test2" tests="1" failures="0" timestamp="2022-10-12T16:03:13 IST" time="0.001" errors="0">
  <testcase name="tc3" time="0.001" classname="scripts.Test2"/>
  <system-out>
    <![CDATA[hello pythonselenium]]>
  </system-out>
</testsuite> <!-- scripts.Test2 -->
