<?xml version="1.0" encoding="UTF-8"?>
<!-- Generated by org.testng.reporters.JUnitReportReporter -->
<testsuite skipped="0" hostname="CLIENT1" name="scripts.Test0" tests="1" failures="0" timestamp="2022-10-12T16:03:13 IST" time="0.000" errors="0">
  <testcase name="tc1" time="0.000" classname="scripts.Test0"/>
  <system-out>
    <![CDATA[hello java]]>
  </system-out>
</testsuite> <!-- scripts.Test0 -->
