<?xml version="1.0" encoding="UTF-8"?>
<!-- Generated by org.testng.reporters.JUnitReportReporter -->
<testsuite skipped="0" hostname="CLIENT1" name="scripts.Test1" tests="1" failures="0" timestamp="2022-10-12T16:03:13 IST" time="0.000" errors="0">
  <testcase name="tc2" time="0.000" classname="scripts.Test1"/>
  <system-out>
    <![CDATA[hello selenium]]>
  </system-out>
</testsuite> <!-- scripts.Test1 -->
