<?xml version="1.0" encoding="UTF-8"?>
<!-- Generated by org.testng.reporters.JUnitReportReporter -->
<testsuite skipped="0" hostname="CLIENT1" name="scripts.Test3" tests="1" failures="0" timestamp="2022-10-12T16:03:13 IST" time="0.005" errors="0">
  <testcase name="tc4" time="0.005" classname="scripts.Test3"/>
  <system-out>
    <![CDATA[hello python]]>
  </system-out>
</testsuite> <!-- scripts.Test3 -->
